#
# An unexpected error has been detected by Java Runtime Environment:
#
#  EXCEPTION_ACCESS_VIOLATION (0xc0000005) at pc=0x01c5fb56, pid=2460, tid=1656
#
# Java VM: Java HotSpot(TM) Client VM (11.3-b02 mixed mode, sharing windows-x86)
# Problematic frame:
# j  accessframework.PluginElectronicNotes.tick()V+19
#
# If you would like to submit a bug report, please visit:
#   http://java.sun.com/webapps/bugreport/crash.jsp
#

---------------  T H R E A D  ---------------

Current thread (0x03e89c00):  JavaThread "AWT-EventQueue-0" [_thread_in_Java, id=1656, stack(0x04600000,0x04650000)]

siginfo: ExceptionCode=0xc0000005, reading address 0x6e6b6e55

Registers:
EAX=0x04000000, EBX=0x2c4d2ef0, ECX=0x6e6b6e55, EDX=0x0c800002
ESP=0x0464fa34, EBP=0x0464fa60, ESI=0x27cec3fb, EDI=0x0464fa6c
EIP=0x01c5fb56, EFLAGS=0x00010206

Top of Stack: (sp=0x0464fa34)
0x0464fa34:   01c52fcd 2cb10c10 6e6b6e55 0464fa40
0x0464fa44:   27cec3fb 0464fa6c 27cf33e0 00000000
0x0464fa54:   27cec478 00000000 0464fa6c 0464fa90
0x0464fa64:   01c52da1 6e6b6e55 241d0628 0464fa70
0x0464fa74:   27cda5e4 0464faa0 27cecaf8 00000000
0x0464fa84:   27cda618 0464fa6c 0464faa0 0464fac4
0x0464fa94:   01c52da1 241d0628 23d3b910 23dc8cc0
0x0464faa4:   0464faa4 27cdaa29 0464fae8 27cecaf8 

Instructions: (pc=0x01c5fb56)
0x01c5fb46:   75 e4 8b c2 81 e0 00 00 00 04 0f 84 0c 00 00 00
0x01c5fb56:   3b 01 8d 74 24 04 89 75 f8 ff 63 48 8b 41 04 8b 


Stack: [0x04600000,0x04650000],  sp=0x0464fa34,  free space=318k
Native frames: (J=compiled Java code, j=interpreted, Vv=VM code, C=native code)
j  accessframework.PluginElectronicNotes.tick()V+19
j  accessframework.AccessEngine.tick()V+28
j  accessframework.AccessEngine.actionPerformed(Ljava/awt/event/ActionEvent;)V+1
j  javax.swing.Timer.fireActionPerformed(Ljava/awt/event/ActionEvent;)V+35
j  javax.swing.Timer$DoPostEvent.run()V+71
j  java.awt.event.InvocationEvent.dispatch()V+47
j  java.awt.EventQueue.dispatchEvent(Ljava/awt/AWTEvent;)V+26
j  java.awt.EventDispatchThread.pumpOneEventForFilters(I)Z+204
j  java.awt.EventDispatchThread.pumpEventsForFilter(ILjava/awt/Conditional;Ljava/awt/EventFilter;)V+30
j  java.awt.EventDispatchThread.pumpEventsForHierarchy(ILjava/awt/Conditional;Ljava/awt/Component;)V+11
j  java.awt.EventDispatchThread.pumpEvents(ILjava/awt/Conditional;)V+4
j  java.awt.EventDispatchThread.pumpEvents(Ljava/awt/Conditional;)V+3
j  java.awt.EventDispatchThread.run()V+9
v  ~StubRoutines::call_stub


---------------  P R O C E S S  ---------------

Java Threads: ( => current thread )
  0x046c3000 JavaThread "D3D Screen Updater" daemon [_thread_blocked, id=2420, stack(0x04890000,0x048e0000)]
  0x00446800 JavaThread "DestroyJavaVM" [_thread_blocked, id=2308, stack(0x01b90000,0x01be0000)]
=>0x03e89c00 JavaThread "AWT-EventQueue-0" [_thread_in_Java, id=1656, stack(0x04600000,0x04650000)]
  0x03e88800 JavaThread "TimerQueue" daemon [_thread_blocked, id=596, stack(0x04570000,0x045c0000)]
  0x03e3fc00 JavaThread "AWT-Windows" daemon [_thread_in_native, id=1168, stack(0x044d0000,0x04520000)]
  0x03e3e800 JavaThread "AWT-Shutdown" [_thread_blocked, id=2016, stack(0x04440000,0x04490000)]
  0x03e3c800 JavaThread "Java2D Disposer" daemon [_thread_blocked, id=2584, stack(0x043b0000,0x04400000)]
  0x03dc2000 JavaThread "Low Memory Detector" daemon [_thread_blocked, id=3028, stack(0x041f0000,0x04240000)]
  0x03dbb800 JavaThread "CompilerThread0" daemon [_thread_blocked, id=1584, stack(0x04160000,0x041b0000)]
  0x03dba000 JavaThread "Attach Listener" daemon [_thread_blocked, id=1268, stack(0x040d0000,0x04120000)]
  0x03db8c00 JavaThread "Signal Dispatcher" daemon [_thread_blocked, id=1260, stack(0x04040000,0x04090000)]
  0x03db3800 JavaThread "Finalizer" daemon [_thread_blocked, id=1500, stack(0x03fb0000,0x04000000)]
  0x03daf000 JavaThread "Reference Handler" daemon [_thread_blocked, id=2108, stack(0x03f20000,0x03f70000)]

Other Threads:
  0x03dad800 VMThread [stack: 0x03e90000,0x03ee0000] [id=2796]
  0x03dc3800 WatcherThread [stack: 0x04280000,0x042d0000] [id=2088]

VM state:not at safepoint (normal execution)

VM Mutex/Monitor currently owned by a thread: None

Heap
 def new generation   total 960K, used 500K [0x23cd0000, 0x23dd0000, 0x241b0000)
  eden space 896K,  48% used [0x23cd0000, 0x23d3d028, 0x23db0000)
  from space 64K, 100% used [0x23dc0000, 0x23dd0000, 0x23dd0000)
  to   space 64K,   0% used [0x23db0000, 0x23db0000, 0x23dc0000)
 tenured generation   total 4096K, used 298K [0x241b0000, 0x245b0000, 0x27cd0000)
   the space 4096K,   7% used [0x241b0000, 0x241fa870, 0x241faa00, 0x245b0000)
 compacting perm gen  total 12288K, used 246K [0x27cd0000, 0x288d0000, 0x2bcd0000)
   the space 12288K,   2% used [0x27cd0000, 0x27d0db10, 0x27d0dc00, 0x288d0000)
    ro space 8192K,  67% used [0x2bcd0000, 0x2c237ea8, 0x2c238000, 0x2c4d0000)
    rw space 12288K,  53% used [0x2c4d0000, 0x2cb45530, 0x2cb45600, 0x2d0d0000)

Dynamic libraries:
0x00400000 - 0x00424000 	C:\Program Files (x86)\Java\jdk1.6.0_13\bin\java.exe
0x7d600000 - 0x7d6f0000 	C:\WINDOWS\system32\ntdll.dll
0x7d4c0000 - 0x7d5f0000 	C:\WINDOWS\syswow64\kernel32.dll
0x00350000 - 0x003ec000 	C:\WINDOWS\syswow64\ADVAPI32.dll
0x7da20000 - 0x7db00000 	C:\WINDOWS\syswow64\RPCRT4.dll
0x7c340000 - 0x7c396000 	C:\Program Files (x86)\Java\jdk1.6.0_13\jre\bin\msvcr71.dll
0x6d8b0000 - 0x6db06000 	C:\Program Files (x86)\Java\jdk1.6.0_13\jre\bin\client\jvm.dll
0x7d930000 - 0x7da00000 	C:\WINDOWS\syswow64\USER32.dll
0x7d800000 - 0x7d890000 	C:\WINDOWS\syswow64\GDI32.dll
0x76aa0000 - 0x76acd000 	C:\WINDOWS\system32\WINMM.dll
0x6d340000 - 0x6d348000 	C:\Program Files (x86)\Java\jdk1.6.0_13\jre\bin\hpi.dll
0x76b70000 - 0x76b7b000 	C:\WINDOWS\system32\PSAPI.DLL
0x6d860000 - 0x6d86c000 	C:\Program Files (x86)\Java\jdk1.6.0_13\jre\bin\verify.dll
0x6d3e0000 - 0x6d3ff000 	C:\Program Files (x86)\Java\jdk1.6.0_13\jre\bin\java.dll
0x6d8a0000 - 0x6d8af000 	C:\Program Files (x86)\Java\jdk1.6.0_13\jre\bin\zip.dll
0x6d0b0000 - 0x6d1fa000 	C:\Program Files (x86)\Java\jdk1.6.0_13\jre\bin\awt.dll
0x73070000 - 0x73097000 	C:\WINDOWS\system32\WINSPOOL.DRV
0x77ba0000 - 0x77bfa000 	C:\WINDOWS\syswow64\msvcrt.dll
0x7dee0000 - 0x7df40000 	C:\WINDOWS\system32\IMM32.dll
0x77670000 - 0x777a4000 	C:\WINDOWS\syswow64\ole32.dll
0x7dbd0000 - 0x7dcd3000 	C:\WINDOWS\WinSxS\WOW64_Microsoft.Windows.Common-Controls_6595b64144ccf1df_6.0.3790.1830_x-ww_0213CDC8\comctl32.dll
0x04330000 - 0x04382000 	C:\WINDOWS\syswow64\SHLWAPI.dll
0x6d2e0000 - 0x6d334000 	C:\Program Files (x86)\Java\jdk1.6.0_13\jre\bin\fontmanager.dll
0x4e010000 - 0x4e1b6000 	C:\WINDOWS\system32\d3d9.dll
0x04390000 - 0x04396000 	C:\WINDOWS\system32\d3d8thk.dll
0x77b90000 - 0x77b98000 	C:\WINDOWS\syswow64\VERSION.dll
0x7c8d0000 - 0x7d0d4000 	C:\WINDOWS\syswow64\shell32.dll
0x10000000 - 0x10068000 	C:\libJNIDemoCdl-1.dll
0x6d6c0000 - 0x6d6d3000 	C:\Program Files (x86)\Java\jdk1.6.0_13\jre\bin\net.dll
0x71c00000 - 0x71c17000 	C:\WINDOWS\system32\WS2_32.dll
0x71bf0000 - 0x71bf8000 	C:\WINDOWS\system32\WS2HELP.dll
0x6d6e0000 - 0x6d6e9000 	C:\Program Files (x86)\Java\jdk1.6.0_13\jre\bin\nio.dll

VM Arguments:
java_command: accessframework.MojoSkin
Launcher Type: SUN_STANDARD

Environment Variables:
PATH=C:\WINDOWS\system32;C:\WINDOWS;C:\WINDOWS\System32\Wbem;C:\Program Files\Java\jdk1.6.0_11\bin;C:\cygwin\bin;C:\Program Files (x86)\IDM Computer Solutions\UltraEdit\
USERNAME=mheron
OS=Windows_NT
PROCESSOR_IDENTIFIER=EM64T Family 6 Model 23 Stepping 6, GenuineIntel



---------------  S Y S T E M  ---------------

OS: Windows Server 2003 family Build 3790 Service Pack 1

CPU:total 1 (1 cores per cpu, 1 threads per core) family 6 model 7 stepping 6, cmov, cx8, fxsr, mmx, sse, sse2, sse3, ssse3

Memory: 4k page, physical 1047900k(122324k free), swap 2550696k(1764144k free)

vm_info: Java HotSpot(TM) Client VM (11.3-b02) for windows-x86 JRE (1.6.0_13-b03), built on Mar  9 2009 01:15:24 by "java_re" with MS VC++ 7.1

time: Thu May 28 22:27:13 2009
elapsed time: 2 seconds

